[2023/09/20 19:46:56.734] - Starting server with initial configuration: {"gasLimit":6721975,"gasPrice":20000000000,"hardfork":"merge","hostname":"127.0.0.1","port":7545,"network_id":5777,"default_balance_ether":100,"total_accounts":10,"unlocked_accounts":[],"locked":false,"vmErrorsOnRPCResponse":true,"verbose":false,"flavor":"ethereum","db_path":"C:\\Users\\Student\\AppData\\Roaming\\Ganache\\ui\\workspaces\\savory-able\\chaindata","mnemonic":"sweet fly effort mistake awake change chimney swamp tragic abstract attack regret","logDirectory":"C:\\Users\\Student\\Downloads\\crypto\\backUp"}
[2023/09/20 19:46:56.827] - eth_getCode
[2023/09/20 19:46:56.829] - eth_subscribe
[2023/09/20 19:46:56.829] - eth_getLogs
[2023/09/20 19:46:56.831] - eth_subscribe
[2023/09/20 19:46:56.833] - eth_getCode
[2023/09/20 19:46:56.874] - eth_subscribe
[2023/09/20 19:46:56.876] - eth_getLogs
[2023/09/20 19:46:56.877] - eth_subscribe
[2023/09/20 19:46:56.878] - eth_getCode
[2023/09/20 19:46:56.880] - eth_getCode
[2023/09/20 19:46:56.891] - eth_getBlockByNumber
[2023/09/20 19:46:56.893] - eth_subscribe
[2023/09/20 19:46:56.905] - eth_blockNumber
[2023/09/20 19:46:56.906] - eth_accounts
[2023/09/20 19:46:56.907] - eth_gasPrice
[2023/09/20 19:46:56.908] - eth_getBlockByNumber
[2023/09/20 19:46:56.908] - eth_subscribe
[2023/09/20 19:46:56.909] - eth_blockNumber
[2023/09/20 19:46:56.910] - eth_accounts
[2023/09/20 19:46:56.911] - eth_gasPrice
[2023/09/20 19:46:57.025] - eth_getBalance
[2023/09/20 19:46:57.031] - eth_getTransactionCount
[2023/09/20 19:46:57.037] - eth_getBalance
[2023/09/20 19:46:57.042] - eth_getTransactionCount
[2023/09/20 19:46:57.050] - eth_getBalance
[2023/09/20 19:46:57.056] - eth_getTransactionCount
[2023/09/20 19:46:57.062] - eth_getBalance
[2023/09/20 19:46:57.068] - eth_getTransactionCount
[2023/09/20 19:46:57.074] - eth_getBalance
[2023/09/20 19:46:57.080] - eth_getTransactionCount
[2023/09/20 19:46:57.085] - eth_getBalance
[2023/09/20 19:46:57.092] - eth_getTransactionCount
[2023/09/20 19:46:57.098] - eth_getBalance
[2023/09/20 19:46:57.103] - eth_getTransactionCount
[2023/09/20 19:46:57.111] - eth_getBalance
[2023/09/20 19:46:57.117] - eth_getTransactionCount
[2023/09/20 19:46:57.122] - eth_getBalance
[2023/09/20 19:46:57.128] - eth_getTransactionCount
[2023/09/20 19:46:57.135] - eth_getBalance
[2023/09/20 19:46:57.140] - eth_getTransactionCount
[2023/09/20 19:46:57.146] - eth_getBalance
[2023/09/20 19:46:57.153] - eth_getTransactionCount
[2023/09/20 19:46:57.159] - eth_getBalance
[2023/09/20 19:46:57.165] - eth_getTransactionCount
[2023/09/20 19:46:57.170] - eth_getBalance
[2023/09/20 19:46:57.177] - eth_getTransactionCount
[2023/09/20 19:46:57.182] - eth_getBalance
[2023/09/20 19:46:57.188] - eth_getTransactionCount
[2023/09/20 19:46:57.193] - eth_getBalance
[2023/09/20 19:46:57.200] - eth_getTransactionCount
[2023/09/20 19:46:57.205] - eth_getBalance
[2023/09/20 19:46:57.211] - eth_getTransactionCount
[2023/09/20 19:46:57.217] - eth_getBalance
[2023/09/20 19:46:57.223] - eth_getTransactionCount
[2023/09/20 19:46:57.228] - eth_getBalance
[2023/09/20 19:46:57.234] - eth_getTransactionCount
[2023/09/20 19:46:57.241] - eth_getBalance
[2023/09/20 19:46:57.247] - eth_getTransactionCount
[2023/09/20 19:46:57.252] - eth_getBalance
[2023/09/20 19:46:57.260] - eth_getTransactionCount
[2023/09/20 19:46:57.265] - eth_getBalance
[2023/09/20 19:46:57.270] - eth_getTransactionCount
[2023/09/20 19:46:57.276] - eth_getBalance
[2023/09/20 19:46:57.283] - eth_getTransactionCount
[2023/09/20 19:46:57.288] - eth_getBalance
[2023/09/20 19:46:57.294] - eth_getTransactionCount
[2023/09/20 19:46:57.300] - eth_getBalance
[2023/09/20 19:46:57.307] - eth_getTransactionCount
[2023/09/20 19:46:57.315] - eth_getBalance
[2023/09/20 19:46:57.321] - eth_getTransactionCount
[2023/09/20 19:46:57.328] - eth_getBalance
[2023/09/20 19:46:57.333] - eth_getTransactionCount
[2023/09/20 19:46:57.339] - eth_getBalance
[2023/09/20 19:46:57.344] - eth_getTransactionCount
[2023/09/20 19:46:57.351] - eth_getBalance
[2023/09/20 19:46:57.356] - eth_getTransactionCount
[2023/09/20 19:46:57.362] - eth_getBalance
[2023/09/20 19:46:57.369] - eth_getTransactionCount
[2023/09/20 19:46:57.375] - eth_getBalance
[2023/09/20 19:46:57.380] - eth_getTransactionCount
[2023/09/20 19:46:57.385] - eth_getBalance
[2023/09/20 19:46:57.392] - eth_getTransactionCount
[2023/09/20 19:46:57.397] - eth_getBalance
[2023/09/20 19:46:57.403] - eth_getTransactionCount
[2023/09/20 19:46:57.408] - eth_getBalance
[2023/09/20 19:46:57.423] - eth_getTransactionCount
[2023/09/20 19:46:57.429] - eth_getBalance
[2023/09/20 19:46:57.434] - eth_getTransactionCount
[2023/09/20 19:46:57.439] - eth_getBalance
[2023/09/20 19:46:57.446] - eth_getTransactionCount
[2023/09/20 19:46:57.451] - eth_getBalance
[2023/09/20 19:46:57.457] - eth_getTransactionCount
[2023/09/20 19:46:57.462] - eth_getBalance
[2023/09/20 19:46:57.469] - eth_getTransactionCount
[2023/09/20 19:46:57.474] - eth_getBalance
[2023/09/20 19:46:57.481] - eth_getTransactionCount
[2023/09/20 19:46:57.486] - eth_getBalance
[2023/09/20 19:46:57.493] - eth_getTransactionCount
[2023/09/20 19:46:57.499] - eth_getBalance
[2023/09/20 19:46:57.504] - eth_getTransactionCount
[2023/09/20 19:47:03.100] - eth_blockNumber
[2023/09/20 19:47:13.514] - eth_blockNumber
[2023/09/20 19:47:13.528] - net_version
[2023/09/20 19:47:13.532] - eth_accounts
[2023/09/20 19:47:13.544] - eth_getBlockByNumber
[2023/09/20 19:47:13.548] - eth_accounts
[2023/09/20 19:47:13.564] - eth_getBlockByNumber
[2023/09/20 19:47:13.567] - eth_getBlockByNumber
[2023/09/20 19:47:13.571] - eth_getBlockByNumber
[2023/09/20 19:47:13.577] - eth_estimateGas
[2023/09/20 19:47:13.632] - eth_getBlockByNumber
[2023/09/20 19:47:13.634] - eth_blockNumber
[2023/09/20 19:47:13.637] - eth_estimateGas
[2023/09/20 19:47:13.655] - eth_getBlockByNumber
[2023/09/20 19:47:13.656] - eth_gasPrice
[2023/09/20 19:47:13.659] - eth_sendTransaction
[2023/09/20 19:47:13.673] - 
  Transaction: 0xea20c4259a3e9c2d0733c927cacdbb2d2a71f225b88cb72b8dcc4acf8906f6ec
  Contract created: 0xf3a21f848b40d7d4d988689002f44d6bf0f7dabf
  Gas usage: 193243
  Block number: 1
  Block time: Wed Sep 20 2023 19:47:13 GMT+0200 (South Africa Standard Time)

[2023/09/20 19:47:13.678] - eth_getBlockByNumber
[2023/09/20 19:47:13.679] - eth_getTransactionReceipt
[2023/09/20 19:47:13.684] - eth_getCode
[2023/09/20 19:47:13.689] - eth_getTransactionByHash
[2023/09/20 19:47:13.690] - eth_getBalance
[2023/09/20 19:47:13.692] - eth_getBlockByNumber
[2023/09/20 19:47:13.695] - eth_getTransactionCount
[2023/09/20 19:47:13.696] - eth_getBalance
[2023/09/20 19:47:13.698] - eth_getBalance
[2023/09/20 19:47:13.702] - eth_getBlockByNumber
[2023/09/20 19:47:13.704] - eth_getTransactionCount
[2023/09/20 19:47:13.705] - eth_getBlockByNumber
[2023/09/20 19:47:13.707] - eth_getBalance
[2023/09/20 19:47:13.710] - eth_estimateGas
[2023/09/20 19:47:13.712] - eth_getTransactionCount
[2023/09/20 19:47:13.719] - eth_getBalance
[2023/09/20 19:47:13.725] - eth_getTransactionCount
[2023/09/20 19:47:13.731] - eth_getBalance
[2023/09/20 19:47:13.732] - eth_getBlockByNumber
[2023/09/20 19:47:13.733] - eth_gasPrice
[2023/09/20 19:47:13.735] - eth_sendTransaction
[2023/09/20 19:47:13.736] - eth_getTransactionCount
[2023/09/20 19:47:13.742] - eth_getBalance
[2023/09/20 19:47:13.747] - 
  Transaction: 0xd0a9d185069e1bb007159a85c909a0c06729df709dca433d553cecffc2ed15c4
  Gas usage: 45738
  Block number: 2
  Block time: Wed Sep 20 2023 19:47:13 GMT+0200 (South Africa Standard Time)

[2023/09/20 19:47:13.749] - eth_getTransactionCount
[2023/09/20 19:47:13.750] - eth_getBlockByNumber
[2023/09/20 19:47:13.751] - eth_getTransactionReceipt
[2023/09/20 19:47:13.754] - eth_getBalance
[2023/09/20 19:47:13.759] - eth_getBlockByNumber
[2023/09/20 19:47:13.763] - eth_accounts
[2023/09/20 19:47:13.764] - eth_getTransactionCount
[2023/09/20 19:47:13.771] - eth_getBalance
[2023/09/20 19:47:13.777] - eth_getBlockByNumber
[2023/09/20 19:47:13.782] - eth_getBlockByNumber
[2023/09/20 19:47:13.785] - eth_getBlockByNumber
[2023/09/20 19:47:13.786] - eth_getTransactionCount
[2023/09/20 19:47:13.789] - eth_estimateGas
[2023/09/20 19:47:13.793] - eth_getBalance
[2023/09/20 19:47:13.800] - eth_getTransactionCount
[2023/09/20 19:47:13.802] - eth_getBalance
[2023/09/20 19:47:13.807] - eth_getTransactionCount
[2023/09/20 19:47:13.845] - eth_getBlockByNumber
[2023/09/20 19:47:13.847] - eth_blockNumber
[2023/09/20 19:47:13.848] - eth_getBalance
[2023/09/20 19:47:13.849] - eth_estimateGas
[2023/09/20 19:47:13.853] - eth_getBalance
[2023/09/20 19:47:13.861] - eth_getTransactionCount
[2023/09/20 19:47:13.863] - eth_getBalance
[2023/09/20 19:47:13.867] - eth_getTransactionCount
[2023/09/20 19:47:13.870] - eth_getBalance
[2023/09/20 19:47:13.876] - eth_getTransactionCount
[2023/09/20 19:47:13.880] - eth_getBalance
[2023/09/20 19:47:13.884] - eth_getTransactionCount
[2023/09/20 19:47:13.889] - eth_getBalance
[2023/09/20 19:47:13.892] - eth_getTransactionCount
[2023/09/20 19:47:13.897] - eth_getBalance
[2023/09/20 19:47:13.903] - eth_getTransactionCount
[2023/09/20 19:47:13.906] - eth_getBalance
[2023/09/20 19:47:13.907] - eth_getBlockByNumber
[2023/09/20 19:47:13.908] - eth_gasPrice
[2023/09/20 19:47:13.910] - eth_getTransactionCount
[2023/09/20 19:47:13.911] - eth_sendTransaction
[2023/09/20 19:47:13.923] - eth_getBalance
[2023/09/20 19:47:13.935] - 
  Transaction: 0x1326ef162ab9c568db7be5d57986185339ceb60d6502c37cffc48cc17f96b3af
  Contract created: 0x85c41a7948802f084aace1aaad0996c2c138ea38
  Gas usage: 2234556
  Block number: 3
  Block time: Wed Sep 20 2023 19:47:13 GMT+0200 (South Africa Standard Time)

[2023/09/20 19:47:13.937] - eth_getBlockByNumber
[2023/09/20 19:47:13.938] - eth_getTransactionCount
[2023/09/20 19:47:13.940] - eth_getTransactionReceipt
[2023/09/20 19:47:13.943] - eth_getCode
[2023/09/20 19:47:13.944] - eth_getBalance
[2023/09/20 19:47:13.947] - eth_getTransactionByHash
[2023/09/20 19:47:13.948] - eth_getTransactionCount
[2023/09/20 19:47:13.951] - eth_getBlockByNumber
[2023/09/20 19:47:13.954] - eth_getBalance
[2023/09/20 19:47:13.965] - eth_getBlockByNumber
[2023/09/20 19:47:13.968] - eth_getBlockByNumber
[2023/09/20 19:47:13.971] - eth_estimateGas
[2023/09/20 19:47:13.988] - eth_getBlockByNumber
[2023/09/20 19:47:13.989] - eth_gasPrice
[2023/09/20 19:47:13.992] - eth_sendTransaction
[2023/09/20 19:47:14.000] - 
  Transaction: 0xbf3973496100f2e2b402e118ae936311509d664ba0194cad94d6175b4ad4e496
  Gas usage: 28638
  Block number: 4
  Block time: Wed Sep 20 2023 19:47:13 GMT+0200 (South Africa Standard Time)

[2023/09/20 19:47:14.002] - eth_getBlockByNumber
[2023/09/20 19:47:14.003] - eth_getTransactionReceipt
[2023/09/20 19:47:14.054] - eth_getBalance
[2023/09/20 19:47:14.058] - eth_getTransactionCount
[2023/09/20 19:47:14.063] - eth_getBalance
[2023/09/20 19:47:14.069] - eth_getTransactionCount
[2023/09/20 19:47:14.073] - eth_getBalance
[2023/09/20 19:47:14.079] - eth_getTransactionCount
[2023/09/20 19:47:14.085] - eth_getBalance
[2023/09/20 19:47:14.089] - eth_getTransactionCount
[2023/09/20 19:47:14.094] - eth_getBalance
[2023/09/20 19:47:14.099] - eth_getTransactionCount
[2023/09/20 19:47:14.104] - eth_getBalance
[2023/09/20 19:47:14.108] - eth_getTransactionCount
[2023/09/20 19:47:14.114] - eth_getBalance
[2023/09/20 19:47:14.118] - eth_getTransactionCount
[2023/09/20 19:47:14.122] - eth_getBalance
[2023/09/20 19:47:14.126] - eth_getTransactionCount
[2023/09/20 19:47:14.130] - eth_getBalance
[2023/09/20 19:47:14.136] - eth_getTransactionCount
[2023/09/20 19:47:14.145] - eth_getBalance
[2023/09/20 19:47:14.151] - eth_getTransactionCount
[2023/09/20 19:47:14.157] - eth_getBalance
[2023/09/20 19:47:14.161] - eth_getTransactionCount
[2023/09/20 19:47:14.166] - eth_getBalance
[2023/09/20 19:47:14.170] - eth_getTransactionCount
[2023/09/20 19:47:14.176] - eth_getBalance
[2023/09/20 19:47:14.181] - eth_getTransactionCount
[2023/09/20 19:47:14.184] - eth_getBalance
[2023/09/20 19:47:14.188] - eth_getTransactionCount
[2023/09/20 19:47:14.192] - eth_getBalance
[2023/09/20 19:47:14.197] - eth_getTransactionCount
[2023/09/20 19:47:14.202] - eth_getBalance
[2023/09/20 19:47:14.206] - eth_getTransactionCount
[2023/09/20 19:47:14.210] - eth_getBalance
[2023/09/20 19:47:14.214] - eth_getTransactionCount
[2023/09/20 19:47:14.218] - eth_getBalance
[2023/09/20 19:47:14.221] - eth_getTransactionCount
[2023/09/20 19:47:14.227] - eth_getBalance
[2023/09/20 19:47:14.230] - eth_getTransactionCount
[2023/09/20 19:47:14.234] - eth_getBalance
[2023/09/20 19:47:14.238] - eth_getTransactionCount
[2023/09/20 19:47:14.434] - eth_getBalance
[2023/09/20 19:47:14.439] - eth_getTransactionCount
[2023/09/20 19:47:14.446] - eth_getBalance
[2023/09/20 19:47:14.452] - eth_getTransactionCount
[2023/09/20 19:47:14.458] - eth_getBalance
[2023/09/20 19:47:14.463] - eth_getTransactionCount
[2023/09/20 19:47:14.475] - eth_getBalance
[2023/09/20 19:47:14.494] - eth_getTransactionCount
[2023/09/20 19:47:14.501] - eth_getBalance
[2023/09/20 19:47:14.508] - eth_getTransactionCount
[2023/09/20 19:47:14.514] - eth_getBalance
[2023/09/20 19:47:14.521] - eth_getTransactionCount
[2023/09/20 19:47:14.527] - eth_getBalance
[2023/09/20 19:47:14.534] - eth_getTransactionCount
[2023/09/20 19:47:14.540] - eth_getBalance
[2023/09/20 19:47:14.546] - eth_getTransactionCount
[2023/09/20 19:47:14.553] - eth_getBalance
[2023/09/20 19:47:14.558] - eth_getTransactionCount
[2023/09/20 19:47:14.565] - eth_getBalance
[2023/09/20 19:47:14.571] - eth_getTransactionCount
[2023/09/20 19:47:14.940] - eth_getBalance
[2023/09/20 19:47:14.946] - eth_getTransactionCount
[2023/09/20 19:47:14.954] - eth_getBalance
[2023/09/20 19:47:14.960] - eth_getTransactionCount
[2023/09/20 19:47:14.966] - eth_getBalance
[2023/09/20 19:47:14.973] - eth_getTransactionCount
[2023/09/20 19:47:14.979] - eth_getBalance
[2023/09/20 19:47:14.985] - eth_getTransactionCount
[2023/09/20 19:47:14.991] - eth_getBalance
[2023/09/20 19:47:15.012] - eth_getTransactionCount
[2023/09/20 19:47:15.022] - eth_getBalance
[2023/09/20 19:47:15.035] - eth_getTransactionCount
[2023/09/20 19:47:15.041] - eth_getBalance
[2023/09/20 19:47:15.048] - eth_getTransactionCount
[2023/09/20 19:47:15.055] - eth_getBalance
[2023/09/20 19:47:15.062] - eth_getTransactionCount
[2023/09/20 19:47:15.069] - eth_getBalance
[2023/09/20 19:47:15.077] - eth_getTransactionCount
[2023/09/20 19:47:15.133] - eth_getBalance
[2023/09/20 19:47:15.140] - eth_getTransactionCount
[2023/09/20 19:47:15.148] - eth_getBalance
[2023/09/20 19:47:15.153] - eth_getTransactionCount
[2023/09/20 19:47:15.160] - eth_getBalance
[2023/09/20 19:47:15.167] - eth_getTransactionCount
[2023/09/20 19:47:15.175] - eth_getBalance
[2023/09/20 19:47:15.181] - eth_getTransactionCount
[2023/09/20 19:47:15.187] - eth_getBalance
[2023/09/20 19:47:15.194] - eth_getTransactionCount
[2023/09/20 19:47:15.200] - eth_getBalance
[2023/09/20 19:47:15.205] - eth_getTransactionCount
[2023/09/20 19:47:15.211] - eth_getBalance
[2023/09/20 19:47:15.219] - eth_getTransactionCount
[2023/09/20 19:47:15.224] - eth_getBalance
[2023/09/20 19:47:15.230] - eth_getTransactionCount
[2023/09/20 19:47:15.240] - eth_getBalance
[2023/09/20 19:47:15.245] - eth_getTransactionCount
[2023/09/20 19:47:22.267] - net_version
[2023/09/20 19:47:22.271] - net_version
[2023/09/20 19:47:22.272] - net_version
[2023/09/20 19:47:22.276] - eth_call
[2023/09/20 19:47:22.280] - eth_call
[2023/09/20 19:47:22.288] - eth_call
[2023/09/20 19:47:22.296] - eth_call
[2023/09/20 19:47:27.605] - eth_blockNumber
[2023/09/20 19:47:27.617] - eth_getBlockByNumber
[2023/09/20 19:47:27.621] - eth_getBalance
[2023/09/20 19:47:27.622] - eth_getBalance
[2023/09/20 19:47:27.623] - eth_getBalance
[2023/09/20 19:47:27.625] - eth_getBalance
[2023/09/20 19:47:27.626] - eth_getBalance
[2023/09/20 19:47:27.629] - eth_getBalance
[2023/09/20 19:47:28.645] - eth_blockNumber
[2023/09/20 19:47:28.651] - eth_feeHistory
[2023/09/20 19:47:31.786] - net_version
[2023/09/20 19:47:31.787] - net_version
[2023/09/20 19:47:31.788] - net_version
[2023/09/20 19:47:31.792] - eth_call
[2023/09/20 19:47:31.794] - eth_call
[2023/09/20 19:47:31.826] - eth_call
[2023/09/20 19:47:31.835] - eth_call
[2023/09/20 19:47:34.050] - eth_blockNumber
[2023/09/20 19:47:34.436] - eth_feeHistory
[2023/09/20 19:47:35.119] - eth_call
[2023/09/20 19:47:35.441] - eth_feeHistory
[2023/09/20 19:47:45.770] - eth_feeHistory
[2023/09/20 19:47:49.630] - eth_blockNumber
[2023/09/20 19:47:50.342] - eth_feeHistory
[2023/09/20 19:47:54.118] - eth_blockNumber
[2023/09/20 19:48:02.434] - eth_getBalance
[2023/09/20 19:48:09.662] - eth_blockNumber
[2023/09/20 19:48:14.158] - eth_blockNumber
[2023/09/20 19:48:24.050] - eth_getBalance
[2023/09/20 19:48:29.670] - eth_blockNumber
[2023/09/20 19:48:34.163] - eth_blockNumber
[2023/09/20 19:48:39.158] - net_version
[2023/09/20 19:48:39.160] - net_version
[2023/09/20 19:48:39.161] - net_version
[2023/09/20 19:48:39.168] - eth_call
[2023/09/20 19:48:39.176] - eth_call
[2023/09/20 19:48:41.277] - eth_blockNumber
[2023/09/20 19:48:41.676] - eth_feeHistory
[2023/09/20 19:48:42.220] - eth_call
[2023/09/20 19:48:42.553] - eth_feeHistory
[2023/09/20 19:48:49.015] - eth_blockNumber
[2023/09/20 19:48:49.674] - eth_blockNumber
[2023/09/20 19:48:52.883] - eth_feeHistory
[2023/09/20 19:48:54.165] - eth_blockNumber
[2023/09/20 19:48:58.355] - eth_blockNumber
[2023/09/20 19:48:58.779] - eth_feeHistory
[2023/09/20 19:48:59.937] - eth_feeHistory
[2023/09/20 19:49:02.101] - net_version
[2023/09/20 19:49:02.103] - net_version
[2023/09/20 19:49:02.104] - net_version
[2023/09/20 19:49:02.110] - eth_call
[2023/09/20 19:49:02.122] - eth_call
[2023/09/20 19:49:04.247] - eth_blockNumber
[2023/09/20 19:49:04.653] - eth_feeHistory
[2023/09/20 19:49:05.331] - eth_call
[2023/09/20 19:49:05.642] - eth_feeHistory
[2023/09/20 19:49:07.961] - net_version
[2023/09/20 19:49:07.963] - net_version
[2023/09/20 19:49:07.964] - net_version
[2023/09/20 19:49:15.573] - eth_getCode
[2023/09/20 19:49:15.587] - eth_call
[2023/09/20 19:49:15.597] - eth_call
[2023/09/20 19:49:15.606] - eth_call
[2023/09/20 19:49:15.607] - eth_call
[2023/09/20 19:49:15.910] - eth_feeHistory
[2023/09/20 19:49:15.916] - eth_estimateGas
[2023/09/20 19:49:16.238] - eth_feeHistory
[2023/09/20 19:49:17.450] - eth_blockNumber
[2023/09/20 19:49:17.732] - eth_getTransactionCount
[2023/09/20 19:49:18.031] - eth_feeHistory
[2023/09/20 19:49:18.366] - eth_blockNumber
[2023/09/20 19:49:18.995] - eth_sendRawTransaction
[2023/09/20 19:49:19.012] - 
  Transaction: 0x37bd33c596f9d7af1cd3884ac8f2abf3d81834f9872e4ba70191938f040f9b85
  Gas usage: 116975
  Block number: 5
  Block time: Wed Sep 20 2023 19:49:18 GMT+0200 (South Africa Standard Time)

[2023/09/20 19:49:19.014] - eth_getBlockByNumber
[2023/09/20 19:49:19.042] - eth_getBalance
[2023/09/20 19:49:19.051] - eth_getTransactionCount
[2023/09/20 19:49:19.053] - eth_call
[2023/09/20 19:49:19.055] - eth_getTransactionReceipt
[2023/09/20 19:49:19.077] - eth_getBalance
[2023/09/20 19:49:19.089] - eth_getTransactionCount
[2023/09/20 19:49:19.090] - eth_blockNumber
[2023/09/20 19:49:19.092] - eth_call
[2023/09/20 19:49:19.100] - eth_getBlockByNumber
[2023/09/20 19:49:19.101] - eth_getTransactionReceipt
[2023/09/20 19:49:19.119] - eth_getBalance
[2023/09/20 19:49:19.121] - eth_call
[2023/09/20 19:49:19.123] - eth_call
[2023/09/20 19:49:19.140] - eth_call
[2023/09/20 19:49:19.143] - eth_call
[2023/09/20 19:49:19.145] - eth_getBalance
[2023/09/20 19:49:19.146] - eth_getBalance
[2023/09/20 19:49:19.149] - eth_getBalance
[2023/09/20 19:49:19.151] - eth_getBalance
[2023/09/20 19:49:19.154] - eth_getBalance
[2023/09/20 19:49:19.156] - eth_getBalance
[2023/09/20 19:49:19.157] - eth_getBalance
[2023/09/20 19:49:19.158] - eth_getBlockByHash
[2023/09/20 19:49:19.159] - eth_getTransactionCount
[2023/09/20 19:49:19.163] - eth_call
[2023/09/20 19:49:19.165] - eth_call
[2023/09/20 19:49:19.166] - eth_getBalance
[2023/09/20 19:49:19.175] - eth_getTransactionCount
[2023/09/20 19:49:19.176] - eth_call
[2023/09/20 19:49:19.181] - eth_call
[2023/09/20 19:49:19.197] - eth_call
[2023/09/20 19:49:19.206] - eth_getBalance
[2023/09/20 19:49:19.218] - eth_getTransactionCount
[2023/09/20 19:49:19.221] - eth_call
[2023/09/20 19:49:19.222] - eth_call
[2023/09/20 19:49:19.227] - eth_getBalance
[2023/09/20 19:49:19.234] - eth_getTransactionCount
[2023/09/20 19:49:19.241] - eth_getBalance
[2023/09/20 19:49:19.248] - eth_getTransactionCount
[2023/09/20 19:49:19.255] - eth_getBalance
[2023/09/20 19:49:19.261] - eth_getTransactionCount
[2023/09/20 19:49:19.268] - eth_getBalance
[2023/09/20 19:49:19.275] - eth_getTransactionCount
[2023/09/20 19:49:19.282] - eth_getBalance
[2023/09/20 19:49:19.302] - eth_getTransactionCount
[2023/09/20 19:49:19.477] - eth_blockNumber
[2023/09/20 19:49:19.481] - eth_feeHistory
[2023/09/20 19:49:19.800] - eth_feeHistory
[2023/09/20 19:49:20.112] - eth_feeHistory
[2023/09/20 19:49:33.337] - eth_getCode
[2023/09/20 19:49:33.349] - eth_call
[2023/09/20 19:49:33.360] - eth_call
[2023/09/20 19:49:33.368] - eth_call
[2023/09/20 19:49:33.370] - eth_call
[2023/09/20 19:49:33.663] - eth_feeHistory
[2023/09/20 19:49:33.671] - eth_estimateGas
[2023/09/20 19:49:35.174] - eth_blockNumber
[2023/09/20 19:49:35.457] - eth_getTransactionCount
[2023/09/20 19:49:35.758] - eth_feeHistory
[2023/09/20 19:49:36.612] - eth_sendRawTransaction
[2023/09/20 19:49:36.628] - 
  Transaction: 0x1c9a014a992ef4a102147c62dc3bd4cf0779637dd70d9dcbeda5c8bd4252ff03
  Gas usage: 99875
  Block number: 6
  Block time: Wed Sep 20 2023 19:49:36 GMT+0200 (South Africa Standard Time)

[2023/09/20 19:49:36.630] - eth_getBlockByNumber
[2023/09/20 19:49:36.655] - eth_getBalance
[2023/09/20 19:49:36.664] - eth_getTransactionCount
[2023/09/20 19:49:36.673] - eth_call
[2023/09/20 19:49:36.675] - eth_getTransactionReceipt
[2023/09/20 19:49:36.676] - eth_getBalance
[2023/09/20 19:49:36.682] - eth_blockNumber
[2023/09/20 19:49:36.684] - eth_getTransactionCount
[2023/09/20 19:49:36.694] - eth_getBalance
[2023/09/20 19:49:36.708] - eth_getTransactionCount
[2023/09/20 19:49:36.712] - eth_getBlockByNumber
[2023/09/20 19:49:36.716] - eth_call
[2023/09/20 19:49:36.717] - eth_getTransactionReceipt
[2023/09/20 19:49:36.723] - eth_getBalance
[2023/09/20 19:49:36.728] - eth_call
[2023/09/20 19:49:36.729] - eth_call
[2023/09/20 19:49:36.741] - eth_getBalance
[2023/09/20 19:49:36.745] - eth_getBalance
[2023/09/20 19:49:36.748] - eth_getBalance
[2023/09/20 19:49:36.749] - eth_getBalance
[2023/09/20 19:49:36.751] - eth_getBalance
[2023/09/20 19:49:36.756] - eth_getBalance
[2023/09/20 19:49:36.763] - eth_getBalance
[2023/09/20 19:49:36.764] - eth_getBlockByHash
[2023/09/20 19:49:36.766] - eth_call
[2023/09/20 19:49:36.768] - eth_call
[2023/09/20 19:49:36.779] - eth_getTransactionCount
[2023/09/20 19:49:36.783] - eth_call
[2023/09/20 19:49:36.785] - eth_call
[2023/09/20 19:49:36.786] - eth_call
[2023/09/20 19:49:36.792] - eth_getBalance
[2023/09/20 19:49:36.808] - eth_call
[2023/09/20 19:49:36.815] - eth_getTransactionCount
[2023/09/20 19:49:36.824] - eth_getBalance
[2023/09/20 19:49:36.831] - eth_getTransactionCount
[2023/09/20 19:49:36.841] - eth_call
[2023/09/20 19:49:36.844] - eth_call
[2023/09/20 19:49:36.849] - eth_getBalance
[2023/09/20 19:49:36.854] - eth_call
[2023/09/20 19:49:36.855] - eth_call
[2023/09/20 19:49:36.858] - eth_getTransactionCount
[2023/09/20 19:49:36.866] - eth_getBalance
[2023/09/20 19:49:36.872] - eth_getTransactionCount
[2023/09/20 19:49:36.879] - eth_getBalance
[2023/09/20 19:49:36.885] - eth_getTransactionCount
[2023/09/20 19:49:36.895] - eth_getBalance
[2023/09/20 19:49:36.902] - eth_getTransactionCount
[2023/09/20 19:49:37.141] - eth_blockNumber
[2023/09/20 19:49:37.145] - eth_feeHistory
[2023/09/20 19:49:37.452] - eth_feeHistory
[2023/09/20 19:49:37.768] - eth_feeHistory
[2023/09/20 19:50:00.681] - eth_blockNumber
[2023/09/20 19:50:00.684] - eth_getCode
[2023/09/20 19:50:00.696] - eth_call
[2023/09/20 19:50:00.706] - eth_call
[2023/09/20 19:50:00.714] - eth_call
[2023/09/20 19:50:00.715] - eth_call
[2023/09/20 19:50:01.035] - eth_feeHistory
[2023/09/20 19:50:01.043] - eth_estimateGas
[2023/09/20 19:50:02.525] - eth_blockNumber
[2023/09/20 19:50:02.795] - eth_getTransactionCount
[2023/09/20 19:50:03.107] - eth_feeHistory
[2023/09/20 19:50:04.041] - eth_sendRawTransaction
[2023/09/20 19:50:04.057] - 
  Transaction: 0xe5ad309d87d4420f700befe8320e430b8d626be1e8fb3e1172d3b736c30d5788
  Gas usage: 99911
  Block number: 7
  Block time: Wed Sep 20 2023 19:50:04 GMT+0200 (South Africa Standard Time)

[2023/09/20 19:50:04.060] - eth_getBlockByNumber
[2023/09/20 19:50:04.091] - eth_getBalance
[2023/09/20 19:50:04.095] - eth_call
[2023/09/20 19:50:04.097] - eth_getTransactionReceipt
[2023/09/20 19:50:04.102] - eth_getTransactionCount
[2023/09/20 19:50:04.104] - eth_blockNumber
[2023/09/20 19:50:04.112] - eth_getBalance
[2023/09/20 19:50:04.125] - eth_getTransactionCount
[2023/09/20 19:50:04.133] - eth_call
[2023/09/20 19:50:04.138] - eth_getBlockByNumber
[2023/09/20 19:50:04.143] - eth_getTransactionReceipt
[2023/09/20 19:50:04.146] - eth_getBalance
[2023/09/20 19:50:04.149] - eth_call
[2023/09/20 19:50:04.153] - eth_getTransactionCount
[2023/09/20 19:50:04.160] - eth_call
[2023/09/20 19:50:04.162] - eth_getBalance
[2023/09/20 19:50:04.163] - eth_getBalance
[2023/09/20 19:50:04.165] - eth_getBalance
[2023/09/20 19:50:04.166] - eth_getBalance
[2023/09/20 19:50:04.167] - eth_getBalance
[2023/09/20 19:50:04.180] - eth_getBalance
[2023/09/20 19:50:04.182] - eth_getBalance
[2023/09/20 19:50:04.184] - eth_call
[2023/09/20 19:50:04.186] - eth_call
[2023/09/20 19:50:04.191] - eth_getBlockByHash
[2023/09/20 19:50:04.197] - eth_getBalance
[2023/09/20 19:50:04.205] - eth_getTransactionCount
[2023/09/20 19:50:04.208] - eth_call
[2023/09/20 19:50:04.209] - eth_call
[2023/09/20 19:50:04.211] - eth_call
[2023/09/20 19:50:04.211] - eth_call
[2023/09/20 19:50:04.218] - eth_call
[2023/09/20 19:50:04.225] - eth_getBalance
[2023/09/20 19:50:04.231] - eth_call
[2023/09/20 19:50:04.255] - eth_call
[2023/09/20 19:50:04.260] - eth_getTransactionCount
[2023/09/20 19:50:04.277] - eth_call
[2023/09/20 19:50:04.278] - eth_call
[2023/09/20 19:50:04.283] - eth_getBalance
[2023/09/20 19:50:04.293] - eth_getTransactionCount
[2023/09/20 19:50:04.302] - eth_getBalance
[2023/09/20 19:50:04.312] - eth_getTransactionCount
[2023/09/20 19:50:04.320] - eth_getBalance
[2023/09/20 19:50:04.327] - eth_getTransactionCount
[2023/09/20 19:50:04.335] - eth_getBalance
[2023/09/20 19:50:04.342] - eth_getTransactionCount
[2023/09/20 19:50:04.365] - eth_getBalance
[2023/09/20 19:50:04.380] - eth_getTransactionCount
[2023/09/20 19:50:04.535] - eth_blockNumber
[2023/09/20 19:50:04.539] - eth_feeHistory
[2023/09/20 19:50:04.858] - eth_feeHistory
[2023/09/20 19:50:05.180] - eth_feeHistory
[2023/09/20 19:50:11.900] - net_version
[2023/09/20 19:50:11.902] - net_version
[2023/09/20 19:50:11.904] - net_version
[2023/09/20 19:50:14.020] - eth_blockNumber
[2023/09/20 19:50:14.414] - eth_feeHistory
[2023/09/20 19:50:14.944] - eth_call
[2023/09/20 19:50:15.255] - eth_feeHistory
[2023/09/20 19:50:17.675] - eth_getCode
[2023/09/20 19:50:17.702] - eth_call
[2023/09/20 19:50:17.710] - eth_call
[2023/09/20 19:50:17.718] - eth_call
[2023/09/20 19:50:17.719] - eth_call
[2023/09/20 19:50:18.006] - eth_feeHistory
[2023/09/20 19:50:18.013] - eth_estimateGas
[2023/09/20 19:50:19.589] - eth_blockNumber
[2023/09/20 19:50:19.871] - eth_getTransactionCount
[2023/09/20 19:50:20.172] - eth_feeHistory
[2023/09/20 19:50:20.685] - eth_blockNumber
[2023/09/20 19:50:21.086] - eth_sendRawTransaction
[2023/09/20 19:50:21.098] - 
  Transaction: 0x3ad2e5c639f79504d9ecdb441e0e06fa594bc4c36e2da69f5f625cc33e741887
  Gas usage: 35571
  Block number: 8
  Block time: Wed Sep 20 2023 19:50:21 GMT+0200 (South Africa Standard Time)

[2023/09/20 19:50:21.100] - eth_getBlockByNumber
[2023/09/20 19:50:21.122] - eth_getBalance
[2023/09/20 19:50:21.130] - eth_getTransactionCount
[2023/09/20 19:50:21.138] - eth_call
[2023/09/20 19:50:21.140] - eth_getTransactionReceipt
[2023/09/20 19:50:21.142] - eth_getBalance
[2023/09/20 19:50:21.146] - eth_blockNumber
[2023/09/20 19:50:21.150] - eth_getTransactionCount
[2023/09/20 19:50:21.158] - eth_getBalance
[2023/09/20 19:50:21.165] - eth_getTransactionCount
[2023/09/20 19:50:21.176] - eth_getBlockByNumber
[2023/09/20 19:50:21.184] - eth_call
[2023/09/20 19:50:21.185] - eth_getTransactionReceipt
[2023/09/20 19:50:21.190] - eth_call
[2023/09/20 19:50:21.191] - eth_call
[2023/09/20 19:50:21.197] - eth_getBalance
[2023/09/20 19:50:21.203] - eth_getBalance
[2023/09/20 19:50:21.205] - eth_getBalance
[2023/09/20 19:50:21.207] - eth_getBalance
[2023/09/20 19:50:21.208] - eth_getBalance
[2023/09/20 19:50:21.210] - eth_getBalance
[2023/09/20 19:50:21.212] - eth_getBalance
[2023/09/20 19:50:21.225] - eth_getBalance
[2023/09/20 19:50:21.227] - eth_getBlockByHash
[2023/09/20 19:50:21.228] - eth_call
[2023/09/20 19:50:21.230] - eth_call
[2023/09/20 19:50:21.237] - eth_call
[2023/09/20 19:50:21.239] - eth_call
[2023/09/20 19:50:21.245] - eth_call
[2023/09/20 19:50:21.246] - eth_call
[2023/09/20 19:50:21.267] - eth_call
[2023/09/20 19:50:21.291] - eth_call
[2023/09/20 19:50:21.293] - eth_call
[2023/09/20 19:50:21.298] - eth_getTransactionCount
[2023/09/20 19:50:21.302] - eth_call
[2023/09/20 19:50:21.303] - eth_call
[2023/09/20 19:50:21.306] - eth_getBalance
[2023/09/20 19:50:21.314] - eth_getTransactionCount
[2023/09/20 19:50:21.321] - eth_getBalance
[2023/09/20 19:50:21.328] - eth_getTransactionCount
[2023/09/20 19:50:21.337] - eth_getBalance
[2023/09/20 19:50:21.344] - eth_getTransactionCount
[2023/09/20 19:50:21.351] - eth_getBalance
[2023/09/20 19:50:21.358] - eth_getTransactionCount
[2023/09/20 19:50:21.365] - eth_getBalance
[2023/09/20 19:50:21.372] - eth_getTransactionCount
[2023/09/20 19:50:21.379] - eth_getBalance
[2023/09/20 19:50:21.385] - eth_getTransactionCount
[2023/09/20 19:50:21.594] - eth_blockNumber
[2023/09/20 19:50:21.598] - eth_feeHistory
[2023/09/20 19:50:21.916] - eth_feeHistory
[2023/09/20 19:50:22.219] - eth_feeHistory
[2023/09/20 19:50:24.897] - net_version
[2023/09/20 19:50:24.899] - net_version
[2023/09/20 19:50:24.900] - net_version
[2023/09/20 19:50:27.257] - eth_blockNumber
[2023/09/20 19:50:27.755] - eth_feeHistory
[2023/09/20 19:50:35.535] - net_version
[2023/09/20 19:50:35.537] - net_version
[2023/09/20 19:50:35.538] - net_version
[2023/09/20 19:50:35.575] - eth_call
[2023/09/20 19:50:35.584] - eth_call
[2023/09/20 19:50:37.984] - net_version
[2023/09/20 19:50:37.985] - net_version
[2023/09/20 19:50:37.987] - net_version
[2023/09/20 19:50:39.262] - net_version
[2023/09/20 19:50:39.264] - net_version
[2023/09/20 19:50:39.265] - net_version
[2023/09/20 19:50:49.372] - eth_getCode
[2023/09/20 19:50:49.387] - eth_call
[2023/09/20 19:50:49.395] - eth_call
[2023/09/20 19:50:49.403] - eth_call
[2023/09/20 19:50:49.404] - eth_call
[2023/09/20 19:50:49.700] - eth_feeHistory
[2023/09/20 19:50:49.706] - eth_estimateGas
[2023/09/20 19:50:51.093] - eth_blockNumber
[2023/09/20 19:50:51.367] - eth_getTransactionCount
[2023/09/20 19:50:51.664] - eth_feeHistory
[2023/09/20 19:50:54.001] - eth_sendRawTransaction
[2023/09/20 19:50:54.029] - 
  Transaction: 0x73793e1058d14c14265ddef2a1107d5da407d53bea846c09971d49f0ff788fc4
  Gas usage: 229482
  Block number: 9
  Block time: Wed Sep 20 2023 19:50:54 GMT+0200 (South Africa Standard Time)

[2023/09/20 19:50:54.031] - eth_getBlockByNumber
[2023/09/20 19:50:54.051] - eth_getBalance
[2023/09/20 19:50:54.060] - eth_getTransactionCount
[2023/09/20 19:50:54.066] - eth_call
[2023/09/20 19:50:54.068] - eth_getTransactionReceipt
[2023/09/20 19:50:54.070] - eth_getBalance
[2023/09/20 19:50:54.074] - eth_blockNumber
[2023/09/20 19:50:54.081] - eth_getTransactionCount
[2023/09/20 19:50:54.088] - eth_getBalance
[2023/09/20 19:50:54.102] - eth_getTransactionCount
[2023/09/20 19:50:54.104] - eth_getBlockByNumber
[2023/09/20 19:50:54.112] - eth_call
[2023/09/20 19:50:54.113] - eth_getTransactionReceipt
[2023/09/20 19:50:54.121] - eth_getBalance
[2023/09/20 19:50:54.134] - eth_getBalance
[2023/09/20 19:50:54.145] - eth_getBalance
[2023/09/20 19:50:54.147] - eth_getBalance
[2023/09/20 19:50:54.149] - eth_getBalance
[2023/09/20 19:50:54.151] - eth_getBalance
[2023/09/20 19:50:54.152] - eth_getBalance
[2023/09/20 19:50:54.153] - eth_getBalance
[2023/09/20 19:50:54.156] - eth_getBlockByHash
[2023/09/20 19:50:54.157] - eth_call
[2023/09/20 19:50:54.159] - eth_call
[2023/09/20 19:50:54.162] - eth_getTransactionCount
[2023/09/20 19:50:54.168] - eth_getBalance
[2023/09/20 19:50:54.172] - eth_call
[2023/09/20 19:50:54.177] - eth_getTransactionCount
[2023/09/20 19:50:54.181] - eth_call
[2023/09/20 19:50:54.185] - eth_getBalance
[2023/09/20 19:50:54.188] - eth_call
[2023/09/20 19:50:54.190] - eth_call
[2023/09/20 19:50:54.193] - eth_getTransactionCount
[2023/09/20 19:50:54.200] - eth_getBalance
[2023/09/20 19:50:54.207] - eth_getTransactionCount
[2023/09/20 19:50:54.215] - eth_getBalance
[2023/09/20 19:50:54.222] - eth_getTransactionCount
[2023/09/20 19:50:54.228] - eth_getBalance
[2023/09/20 19:50:54.235] - eth_getTransactionCount
[2023/09/20 19:50:54.242] - eth_getBalance
[2023/09/20 19:50:54.256] - eth_getTransactionCount
[2023/09/20 19:50:54.492] - eth_blockNumber
[2023/09/20 19:50:54.495] - eth_feeHistory
[2023/09/20 19:50:54.795] - eth_feeHistory
[2023/09/20 19:50:55.116] - eth_feeHistory
[2023/09/20 19:50:58.133] - net_version
[2023/09/20 19:50:58.134] - net_version
[2023/09/20 19:50:58.136] - net_version
[2023/09/20 19:50:58.153] - eth_call
[2023/09/20 19:50:58.154] - eth_call
[2023/09/20 19:50:58.166] - eth_call
[2023/09/20 19:50:58.167] - eth_call
[2023/09/20 19:50:58.168] - eth_call
[2023/09/20 19:50:58.169] - eth_call
[2023/09/20 19:50:58.181] - eth_call
[2023/09/20 19:51:00.395] - net_version
[2023/09/20 19:51:00.397] - net_version
[2023/09/20 19:51:00.398] - net_version
[2023/09/20 19:51:02.838] - net_version
[2023/09/20 19:51:02.839] - net_version
[2023/09/20 19:51:02.840] - net_version
[2023/09/20 19:51:09.024] - eth_blockNumber
[2023/09/20 19:51:09.440] - eth_feeHistory
[2023/09/20 19:51:11.100] - eth_blockNumber
[2023/09/20 19:51:12.000] - eth_feeHistory
[2023/09/20 19:51:14.108] - net_version
[2023/09/20 19:51:14.111] - net_version
[2023/09/20 19:51:14.112] - net_version
[2023/09/20 19:51:14.120] - eth_call
[2023/09/20 19:51:14.128] - eth_call
[2023/09/20 19:51:16.540] - eth_blockNumber
[2023/09/20 19:51:16.940] - eth_feeHistory
[2023/09/20 19:51:17.858] - eth_call
[2023/09/20 19:51:18.170] - eth_feeHistory
[2023/09/20 19:51:19.882] - eth_getCode
[2023/09/20 19:51:19.893] - eth_call
[2023/09/20 19:51:19.902] - eth_call
[2023/09/20 19:51:19.911] - eth_call
[2023/09/20 19:51:19.913] - eth_call
[2023/09/20 19:51:20.218] - eth_feeHistory
[2023/09/20 19:51:20.224] - eth_estimateGas
[2023/09/20 19:51:21.632] - eth_blockNumber
[2023/09/20 19:51:21.906] - eth_getTransactionCount
[2023/09/20 19:51:22.241] - eth_feeHistory
[2023/09/20 19:51:22.926] - eth_sendRawTransaction
[2023/09/20 19:51:22.941] - 
  Transaction: 0xc524bfbca364695bdba3070786ed6b002d89a55838a50cbe6bf0f021753b5ae2
  Gas usage: 55696
  Block number: 10
  Block time: Wed Sep 20 2023 19:51:22 GMT+0200 (South Africa Standard Time)

[2023/09/20 19:51:22.943] - eth_getBlockByNumber
[2023/09/20 19:51:22.964] - eth_getBalance
[2023/09/20 19:51:22.973] - eth_getTransactionCount
[2023/09/20 19:51:22.982] - eth_getBalance
[2023/09/20 19:51:22.984] - eth_call
[2023/09/20 19:51:22.986] - eth_getTransactionReceipt
[2023/09/20 19:51:22.992] - eth_blockNumber
[2023/09/20 19:51:22.994] - eth_getTransactionCount
[2023/09/20 19:51:23.002] - eth_getBalance
[2023/09/20 19:51:23.020] - eth_getTransactionCount
[2023/09/20 19:51:23.025] - eth_call
[2023/09/20 19:51:23.028] - eth_getBlockByNumber
[2023/09/20 19:51:23.033] - eth_getTransactionReceipt
[2023/09/20 19:51:23.035] - eth_getBalance
[2023/09/20 19:51:23.044] - eth_getBalance
[2023/09/20 19:51:23.046] - eth_getBalance
[2023/09/20 19:51:23.048] - eth_getBalance
[2023/09/20 19:51:23.049] - eth_getBalance
[2023/09/20 19:51:23.051] - eth_getBalance
[2023/09/20 19:51:23.052] - eth_getBalance
[2023/09/20 19:51:23.065] - eth_getBalance
[2023/09/20 19:51:23.071] - eth_getBlockByHash
[2023/09/20 19:51:23.073] - eth_call
[2023/09/20 19:51:23.075] - eth_call
[2023/09/20 19:51:23.082] - eth_getTransactionCount
[2023/09/20 19:51:23.086] - eth_call
[2023/09/20 19:51:23.092] - eth_getBalance
[2023/09/20 19:51:23.099] - eth_call
[2023/09/20 19:51:23.121] - eth_getTransactionCount
[2023/09/20 19:51:23.128] - eth_call
[2023/09/20 19:51:23.129] - eth_call
[2023/09/20 19:51:23.134] - eth_getBalance
[2023/09/20 19:51:23.141] - eth_getTransactionCount
[2023/09/20 19:51:23.148] - eth_getBalance
[2023/09/20 19:51:23.155] - eth_getTransactionCount
[2023/09/20 19:51:23.162] - eth_getBalance
[2023/09/20 19:51:23.169] - eth_getTransactionCount
[2023/09/20 19:51:23.175] - eth_getBalance
[2023/09/20 19:51:23.183] - eth_getTransactionCount
[2023/09/20 19:51:23.191] - eth_getBalance
[2023/09/20 19:51:23.197] - eth_getTransactionCount
[2023/09/20 19:51:23.411] - eth_blockNumber
[2023/09/20 19:51:23.415] - eth_feeHistory
[2023/09/20 19:51:23.723] - eth_feeHistory
[2023/09/20 19:51:24.035] - eth_feeHistory
[2023/09/20 19:51:26.572] - net_version
[2023/09/20 19:51:26.573] - net_version
[2023/09/20 19:51:26.575] - net_version
[2023/09/20 19:51:26.578] - eth_call
[2023/09/20 19:51:26.580] - eth_call
[2023/09/20 19:51:26.591] - eth_call
[2023/09/20 19:51:26.592] - eth_call
[2023/09/20 19:51:26.593] - eth_call
[2023/09/20 19:51:26.595] - eth_call
[2023/09/20 19:51:26.598] - eth_call
[2023/09/20 19:51:26.614] - eth_call
[2023/09/20 19:51:30.037] - eth_blockNumber
[2023/09/20 19:51:30.718] - eth_feeHistory
[2023/09/20 19:51:31.104] - eth_blockNumber
[2023/09/20 19:51:32.675] - eth_feeHistory
[2023/09/20 19:51:35.124] - net_version
[2023/09/20 19:51:35.126] - net_version
[2023/09/20 19:51:35.127] - net_version
[2023/09/20 19:51:35.136] - eth_call
[2023/09/20 19:51:35.144] - eth_call
[2023/09/20 19:51:38.415] - eth_getCode
[2023/09/20 19:51:38.431] - eth_call
[2023/09/20 19:51:38.439] - eth_call
[2023/09/20 19:51:38.448] - eth_call
[2023/09/20 19:51:38.449] - eth_call
[2023/09/20 19:51:38.736] - eth_feeHistory
[2023/09/20 19:51:38.742] - eth_estimateGas
[2023/09/20 19:51:40.116] - eth_blockNumber
[2023/09/20 19:51:40.401] - eth_getTransactionCount
[2023/09/20 19:51:40.701] - eth_feeHistory
[2023/09/20 19:51:41.637] - eth_sendRawTransaction
[2023/09/20 19:51:41.642] - eth_blockNumber
[2023/09/20 19:51:41.654] - 
  Transaction: 0x0e7a8393f59b728a3eed3241bd349349a80f0951a80d2b28ccbba7cba5370d65
  Gas usage: 75632
  Block number: 11
  Block time: Wed Sep 20 2023 19:51:41 GMT+0200 (South Africa Standard Time)

[2023/09/20 19:51:41.656] - eth_getBlockByNumber
[2023/09/20 19:51:41.686] - eth_getBalance
[2023/09/20 19:51:41.695] - eth_call
[2023/09/20 19:51:41.697] - eth_getTransactionReceipt
[2023/09/20 19:51:41.699] - eth_getTransactionCount
[2023/09/20 19:51:41.704] - eth_blockNumber
[2023/09/20 19:51:41.707] - eth_getBalance
[2023/09/20 19:51:41.717] - eth_getTransactionCount
[2023/09/20 19:51:41.739] - eth_getBlockByNumber
[2023/09/20 19:51:41.752] - eth_call
[2023/09/20 19:51:41.753] - eth_getTransactionReceipt
[2023/09/20 19:51:41.760] - eth_getBalance
[2023/09/20 19:51:41.779] - eth_call
[2023/09/20 19:51:41.781] - eth_call
[2023/09/20 19:51:41.783] - eth_getTransactionCount
[2023/09/20 19:51:41.797] - eth_getBalance
[2023/09/20 19:51:41.799] - eth_getBalance
[2023/09/20 19:51:41.802] - eth_getBalance
[2023/09/20 19:51:41.803] - eth_getBalance
[2023/09/20 19:51:41.804] - eth_getBalance
[2023/09/20 19:51:41.806] - eth_getBalance
[2023/09/20 19:51:41.808] - eth_getBalance
[2023/09/20 19:51:41.810] - eth_getBlockByHash
[2023/09/20 19:51:41.811] - eth_call
[2023/09/20 19:51:41.812] - eth_call
[2023/09/20 19:51:41.831] - eth_call
[2023/09/20 19:51:41.833] - eth_call
[2023/09/20 19:51:41.834] - eth_call
[2023/09/20 19:51:41.835] - eth_call
[2023/09/20 19:51:41.863] - eth_getBalance
[2023/09/20 19:51:41.867] - eth_call
[2023/09/20 19:51:41.870] - eth_call
[2023/09/20 19:51:41.874] - eth_call
[2023/09/20 19:51:41.877] - eth_getTransactionCount
[2023/09/20 19:51:41.884] - eth_call
[2023/09/20 19:51:41.887] - eth_getBalance
[2023/09/20 19:51:41.893] - eth_getTransactionCount
[2023/09/20 19:51:41.894] - eth_call
[2023/09/20 19:51:41.897] - eth_call
[2023/09/20 19:51:41.904] - eth_getBalance
[2023/09/20 19:51:41.911] - eth_getTransactionCount
[2023/09/20 19:51:41.918] - eth_getBalance
[2023/09/20 19:51:41.926] - eth_getTransactionCount
[2023/09/20 19:51:41.933] - eth_getBalance
[2023/09/20 19:51:41.940] - eth_getTransactionCount
[2023/09/20 19:51:41.948] - eth_getBalance
[2023/09/20 19:51:41.953] - eth_getTransactionCount
[2023/09/20 19:51:41.960] - eth_getBalance
[2023/09/20 19:51:41.967] - eth_getTransactionCount
[2023/09/20 19:51:42.625] - eth_blockNumber
[2023/09/20 19:51:42.628] - eth_feeHistory
[2023/09/20 19:51:42.937] - eth_feeHistory
[2023/09/20 19:51:43.249] - eth_feeHistory
[2023/09/20 19:51:46.294] - net_version
[2023/09/20 19:51:46.296] - net_version
[2023/09/20 19:51:46.297] - net_version
[2023/09/20 19:51:53.938] - eth_blockNumber
[2023/09/20 19:51:54.399] - eth_feeHistory
[2023/09/20 19:51:58.562] - eth_feeHistory
[2023/09/20 19:52:01.356] - net_version
[2023/09/20 19:52:01.357] - net_version
[2023/09/20 19:52:01.358] - net_version
[2023/09/20 19:52:01.369] - eth_call
[2023/09/20 19:52:01.377] - eth_call
[2023/09/20 19:52:04.855] - eth_blockNumber
[2023/09/20 19:52:05.274] - eth_feeHistory
[2023/09/20 19:52:06.194] - eth_call
[2023/09/20 19:52:06.514] - eth_feeHistory
[2023/09/20 19:52:08.923] - eth_getCode
[2023/09/20 19:52:08.938] - eth_call
[2023/09/20 19:52:08.946] - eth_call
[2023/09/20 19:52:08.955] - eth_call
[2023/09/20 19:52:08.956] - eth_call
[2023/09/20 19:52:09.252] - eth_feeHistory
[2023/09/20 19:52:09.258] - eth_estimateGas
[2023/09/20 19:52:10.637] - eth_blockNumber
[2023/09/20 19:52:10.926] - eth_getTransactionCount
[2023/09/20 19:52:11.246] - eth_feeHistory
[2023/09/20 19:52:12.084] - eth_sendRawTransaction
[2023/09/20 19:52:12.101] - 
  Transaction: 0xf4f8dd5742d26230da8752048ad46ce67780f51c15e388e4d1cefa7a5556aecd
  Gas usage: 38596
  Block number: 12
  Block time: Wed Sep 20 2023 19:52:12 GMT+0200 (South Africa Standard Time)

[2023/09/20 19:52:12.103] - eth_getBlockByNumber
[2023/09/20 19:52:12.125] - eth_getBalance
[2023/09/20 19:52:12.135] - eth_getTransactionCount
[2023/09/20 19:52:12.140] - eth_call
[2023/09/20 19:52:12.142] - eth_getTransactionReceipt
[2023/09/20 19:52:12.146] - eth_getBalance
[2023/09/20 19:52:12.148] - eth_blockNumber
[2023/09/20 19:52:12.158] - eth_getTransactionCount
[2023/09/20 19:52:12.183] - eth_getBalance
[2023/09/20 19:52:12.184] - eth_call
[2023/09/20 19:52:12.185] - eth_getBlockByNumber
[2023/09/20 19:52:12.192] - eth_getTransactionReceipt
[2023/09/20 19:52:12.216] - eth_getTransactionCount
[2023/09/20 19:52:12.225] - eth_getBalance
[2023/09/20 19:52:12.228] - eth_getBalance
[2023/09/20 19:52:12.234] - eth_getBalance
[2023/09/20 19:52:12.236] - eth_getBalance
[2023/09/20 19:52:12.237] - eth_getBalance
[2023/09/20 19:52:12.238] - eth_getBalance
[2023/09/20 19:52:12.239] - eth_getBalance
[2023/09/20 19:52:12.247] - eth_call
[2023/09/20 19:52:12.250] - eth_call
[2023/09/20 19:52:12.258] - eth_getBlockByHash
[2023/09/20 19:52:12.270] - eth_getBalance
[2023/09/20 19:52:12.280] - eth_getTransactionCount
[2023/09/20 19:52:12.289] - eth_getBalance
[2023/09/20 19:52:12.293] - eth_call
[2023/09/20 19:52:12.298] - eth_getTransactionCount
[2023/09/20 19:52:12.301] - eth_call
[2023/09/20 19:52:12.305] - eth_getBalance
[2023/09/20 19:52:12.309] - eth_call
[2023/09/20 19:52:12.310] - eth_call
[2023/09/20 19:52:12.315] - eth_getTransactionCount
[2023/09/20 19:52:12.321] - eth_getBalance
[2023/09/20 19:52:12.328] - eth_getTransactionCount
[2023/09/20 19:52:12.335] - eth_getBalance
[2023/09/20 19:52:12.341] - eth_getTransactionCount
[2023/09/20 19:52:12.349] - eth_getBalance
[2023/09/20 19:52:12.355] - eth_getTransactionCount
[2023/09/20 19:52:12.367] - eth_getBalance
[2023/09/20 19:52:12.387] - eth_getTransactionCount
[2023/09/20 19:52:12.617] - eth_blockNumber
[2023/09/20 19:52:12.621] - eth_feeHistory
[2023/09/20 19:52:12.948] - eth_feeHistory
[2023/09/20 19:52:13.269] - eth_feeHistory
[2023/09/20 19:52:19.230] - net_version
[2023/09/20 19:52:19.232] - net_version
[2023/09/20 19:52:19.233] - net_version
[2023/09/20 19:52:19.236] - eth_call
[2023/09/20 19:52:19.241] - eth_call
[2023/09/20 19:52:19.253] - eth_call
[2023/09/20 19:52:19.255] - eth_call
[2023/09/20 19:52:19.256] - eth_call
[2023/09/20 19:52:19.259] - eth_call
[2023/09/20 19:52:19.261] - eth_call
[2023/09/20 19:52:19.277] - eth_call
[2023/09/20 19:52:21.406] - net_version
[2023/09/20 19:52:21.407] - net_version
[2023/09/20 19:52:21.408] - net_version
[2023/09/20 19:52:23.834] - net_version
[2023/09/20 19:52:23.835] - net_version
[2023/09/20 19:52:23.836] - net_version
[2023/09/20 19:52:32.172] - net_version
[2023/09/20 19:52:32.174] - net_version
[2023/09/20 19:52:32.175] - net_version
[2023/09/20 19:52:45.187] - net_version
[2023/09/20 19:52:45.188] - net_version
[2023/09/20 19:52:45.190] - net_version
[2023/09/20 19:52:45.194] - eth_blockNumber
